{"contracts/common/Base.sol":{"l":{"14":16},"path":"/Users/alexandermazaletskiy/Documents/Akropolis/AkropolisOS/contracts/common/Base.sol","s":{"1":16},"b":{},"f":{"1":16},"fnMap":{"1":{"name":"initialize","line":13,"loc":{"start":{"line":13,"column":4},"end":{"line":13,"column":42}}}},"statementMap":{"1":{"start":{"line":14,"column":8},"end":{"line":14,"column":37}}},"branchMap":{}},"contracts/core/Core.sol":{"l":{"30":9,"31":9,"35":7,"36":7,"47":3,"50":3,"51":0,"53":3,"56":3,"59":3,"68":0,"71":0,"74":0,"84":2,"93":0,"103":3,"113":0,"123":0,"132":0,"142":0},"path":"/Users/alexandermazaletskiy/Documents/Akropolis/AkropolisOS/contracts/core/Core.sol","s":{"1":9,"2":9,"3":7,"4":7,"5":3,"6":3,"7":0,"8":3,"9":3,"10":3,"11":0,"12":0,"13":0,"14":2,"15":0,"16":3,"17":0,"18":0,"19":0,"20":0},"b":{"1":[3,0],"2":[0,3],"3":[0,0]},"f":{"1":9,"2":7,"3":3,"4":0,"5":2,"6":0,"7":3,"8":0,"9":0,"10":0,"11":0},"fnMap":{"1":{"name":"initialize","line":29,"loc":{"start":{"line":29,"column":4},"end":{"line":29,"column":42}}},"2":{"name":"setMetadata","line":34,"loc":{"start":{"line":34,"column":4},"end":{"line":34,"column":79}}},"3":{"name":"set","line":45,"loc":{"start":{"line":45,"column":4},"end":{"line":45,"column":85}}},"4":{"name":"remove","line":66,"loc":{"start":{"line":66,"column":4},"end":{"line":66,"column":56}}},"5":{"name":"contains","line":82,"loc":{"start":{"line":82,"column":4},"end":{"line":83,"column":5}}},"6":{"name":"size","line":91,"loc":{"start":{"line":91,"column":4},"end":{"line":92,"column":5}}},"7":{"name":"isConstant","line":101,"loc":{"start":{"line":101,"column":4},"end":{"line":102,"column":5}}},"8":{"name":"get","line":111,"loc":{"start":{"line":111,"column":4},"end":{"line":112,"column":5}}},"9":{"name":"getName","line":121,"loc":{"start":{"line":121,"column":4},"end":{"line":122,"column":5}}},"10":{"name":"first","line":130,"loc":{"start":{"line":130,"column":4},"end":{"line":131,"column":5}}},"11":{"name":"next","line":140,"loc":{"start":{"line":140,"column":4},"end":{"line":141,"column":5}}}},"statementMap":{"1":{"start":{"line":30,"column":8},"end":{"line":30,"column":24}},"2":{"start":{"line":31,"column":8},"end":{"line":31,"column":27}},"3":{"start":{"line":35,"column":8},"end":{"line":35,"column":19}},"4":{"start":{"line":36,"column":8},"end":{"line":36,"column":33}},"5":{"start":{"line":47,"column":8},"end":{"line":47,"column":56}},"6":{"start":{"line":50,"column":8},"end":{"line":50,"column":1382}},"7":{"start":{"line":51,"column":12},"end":{"line":51,"column":60}},"8":{"start":{"line":53,"column":12},"end":{"line":53,"column":37}},"9":{"start":{"line":56,"column":8},"end":{"line":56,"column":34}},"10":{"start":{"line":59,"column":8},"end":{"line":59,"column":66}},"11":{"start":{"line":68,"column":8},"end":{"line":68,"column":55}},"12":{"start":{"line":71,"column":8},"end":{"line":71,"column":46}},"13":{"start":{"line":74,"column":8},"end":{"line":74,"column":28}},"14":{"start":{"line":84,"column":8},"end":{"line":84,"column":46}},"15":{"start":{"line":93,"column":8},"end":{"line":93,"column":29}},"16":{"start":{"line":103,"column":8},"end":{"line":103,"column":62}},"17":{"start":{"line":113,"column":8},"end":{"line":113,"column":33}},"18":{"start":{"line":123,"column":8},"end":{"line":123,"column":37}},"19":{"start":{"line":132,"column":8},"end":{"line":132,"column":33}},"20":{"start":{"line":142,"column":8},"end":{"line":142,"column":43}}},"branchMap":{"1":{"line":47,"type":"if","locations":[{"start":{"line":47,"column":8},"end":{"line":47,"column":8}},{"start":{"line":47,"column":8},"end":{"line":47,"column":8}}]},"2":{"line":50,"type":"if","locations":[{"start":{"line":50,"column":8},"end":{"line":50,"column":8}},{"start":{"line":50,"column":8},"end":{"line":50,"column":8}}]},"3":{"line":68,"type":"if","locations":[{"start":{"line":68,"column":8},"end":{"line":68,"column":8}},{"start":{"line":68,"column":8},"end":{"line":68,"column":8}}]}}},"contracts/Counter_V0.sol":{"l":{"11":0,"12":0,"17":0,"23":0,"24":0,"25":0,"29":0,"34":0},"path":"/Users/alexandermazaletskiy/Documents/Akropolis/AkropolisOS/contracts/Counter_V0.sol","s":{"1":0,"2":0,"3":0,"4":0,"5":0,"6":0,"7":0,"8":0},"b":{"1":[0,0]},"f":{"1":0,"2":0,"3":0,"4":0,"5":0},"fnMap":{"1":{"name":"initialize","line":10,"loc":{"start":{"line":10,"column":4},"end":{"line":10,"column":50}}},"2":{"name":"increaseCounter","line":16,"loc":{"start":{"line":16,"column":4},"end":{"line":16,"column":49}}},"3":{"name":"decreaseCounter","line":22,"loc":{"start":{"line":22,"column":4},"end":{"line":22,"column":64}}},"4":{"name":"owner","line":28,"loc":{"start":{"line":28,"column":4},"end":{"line":28,"column":48}}},"5":{"name":"getCounter","line":33,"loc":{"start":{"line":33,"column":4},"end":{"line":33,"column":50}}}},"statementMap":{"1":{"start":{"line":11,"column":8},"end":{"line":11,"column":26}},"2":{"start":{"line":12,"column":8},"end":{"line":12,"column":18}},"3":{"start":{"line":17,"column":8},"end":{"line":17,"column":29}},"4":{"start":{"line":23,"column":8},"end":{"line":23,"column":56}},"5":{"start":{"line":24,"column":8},"end":{"line":24,"column":29}},"6":{"start":{"line":25,"column":8},"end":{"line":25,"column":19}},"7":{"start":{"line":29,"column":8},"end":{"line":29,"column":21}},"8":{"start":{"line":34,"column":8},"end":{"line":34,"column":20}}},"branchMap":{"1":{"line":23,"type":"if","locations":[{"start":{"line":23,"column":8},"end":{"line":23,"column":8}},{"start":{"line":23,"column":8},"end":{"line":23,"column":8}}]}}},"contracts/Counter_V1.sol":{"l":{"11":0,"12":0,"17":0,"23":0,"24":0,"25":0,"29":0,"33":0,"38":0},"path":"/Users/alexandermazaletskiy/Documents/Akropolis/AkropolisOS/contracts/Counter_V1.sol","s":{"1":0,"2":0,"3":0,"4":0,"5":0,"6":0,"7":0,"8":0,"9":0},"b":{"1":[0,0]},"f":{"1":0,"2":0,"3":0,"4":0,"5":0,"6":0},"fnMap":{"1":{"name":"initialize","line":10,"loc":{"start":{"line":10,"column":4},"end":{"line":10,"column":50}}},"2":{"name":"increaseCounter","line":16,"loc":{"start":{"line":16,"column":4},"end":{"line":16,"column":49}}},"3":{"name":"decreaseCounter","line":22,"loc":{"start":{"line":22,"column":4},"end":{"line":22,"column":64}}},"4":{"name":"increaseCounter2","line":28,"loc":{"start":{"line":28,"column":4},"end":{"line":28,"column":50}}},"5":{"name":"owner","line":32,"loc":{"start":{"line":32,"column":4},"end":{"line":32,"column":48}}},"6":{"name":"getCounter","line":37,"loc":{"start":{"line":37,"column":4},"end":{"line":37,"column":50}}}},"statementMap":{"1":{"start":{"line":11,"column":8},"end":{"line":11,"column":26}},"2":{"start":{"line":12,"column":8},"end":{"line":12,"column":18}},"3":{"start":{"line":17,"column":8},"end":{"line":17,"column":29}},"4":{"start":{"line":23,"column":8},"end":{"line":23,"column":56}},"5":{"start":{"line":24,"column":8},"end":{"line":24,"column":29}},"6":{"start":{"line":25,"column":8},"end":{"line":25,"column":19}},"7":{"start":{"line":29,"column":8},"end":{"line":29,"column":31}},"8":{"start":{"line":33,"column":8},"end":{"line":33,"column":21}},"9":{"start":{"line":38,"column":8},"end":{"line":38,"column":20}}},"branchMap":{"1":{"line":23,"type":"if","locations":[{"start":{"line":23,"column":8},"end":{"line":23,"column":8}},{"start":{"line":23,"column":8},"end":{"line":23,"column":8}}]}}},"contracts/Counter.sol":{"l":{"11":0,"12":0,"17":0,"23":0,"24":0,"25":0,"29":0,"34":0},"path":"/Users/alexandermazaletskiy/Documents/Akropolis/AkropolisOS/contracts/Counter.sol","s":{"1":0,"2":0,"3":0,"4":0,"5":0,"6":0,"7":0,"8":0},"b":{"1":[0,0]},"f":{"1":0,"2":0,"3":0,"4":0,"5":0},"fnMap":{"1":{"name":"initialize","line":10,"loc":{"start":{"line":10,"column":4},"end":{"line":10,"column":50}}},"2":{"name":"increaseCounter","line":16,"loc":{"start":{"line":16,"column":4},"end":{"line":16,"column":49}}},"3":{"name":"decreaseCounter","line":22,"loc":{"start":{"line":22,"column":4},"end":{"line":22,"column":64}}},"4":{"name":"owner","line":28,"loc":{"start":{"line":28,"column":4},"end":{"line":28,"column":48}}},"5":{"name":"getCounter","line":33,"loc":{"start":{"line":33,"column":4},"end":{"line":33,"column":50}}}},"statementMap":{"1":{"start":{"line":11,"column":8},"end":{"line":11,"column":26}},"2":{"start":{"line":12,"column":8},"end":{"line":12,"column":18}},"3":{"start":{"line":17,"column":8},"end":{"line":17,"column":29}},"4":{"start":{"line":23,"column":8},"end":{"line":23,"column":56}},"5":{"start":{"line":24,"column":8},"end":{"line":24,"column":29}},"6":{"start":{"line":25,"column":8},"end":{"line":25,"column":19}},"7":{"start":{"line":29,"column":8},"end":{"line":29,"column":21}},"8":{"start":{"line":34,"column":8},"end":{"line":34,"column":20}}},"branchMap":{"1":{"line":23,"type":"if","locations":[{"start":{"line":23,"column":8},"end":{"line":23,"column":8}},{"start":{"line":23,"column":8},"end":{"line":23,"column":8}}]}}},"contracts/factory/Factory.sol":{"l":{"16":4,"24":4,"25":4},"path":"/Users/alexandermazaletskiy/Documents/Akropolis/AkropolisOS/contracts/factory/Factory.sol","s":{"1":4,"2":4,"3":4},"b":{},"f":{"1":4,"2":4},"fnMap":{"1":{"name":"initialize","line":15,"loc":{"start":{"line":15,"column":4},"end":{"line":15,"column":42}}},"2":{"name":"getLastContract","line":23,"loc":{"start":{"line":23,"column":4},"end":{"line":23,"column":58}}}},"statementMap":{"1":{"start":{"line":16,"column":8},"end":{"line":16,"column":24}},"2":{"start":{"line":24,"column":8},"end":{"line":24,"column":71}},"3":{"start":{"line":25,"column":8},"end":{"line":25,"column":60}}},"branchMap":{}},"contracts/factory/FactoryCore.sol":{"l":{"9":4,"10":4,"11":4,"12":4},"path":"/Users/alexandermazaletskiy/Documents/Akropolis/AkropolisOS/contracts/factory/FactoryCore.sol","s":{"1":4,"2":4,"3":4,"4":4},"b":{},"f":{"1":4},"fnMap":{"1":{"name":"create","line":7,"loc":{"start":{"line":7,"column":4},"end":{"line":8,"column":5}}}},"statementMap":{"1":{"start":{"line":9,"column":8},"end":{"line":9,"column":27}},"2":{"start":{"line":10,"column":8},"end":{"line":10,"column":21}},"3":{"start":{"line":11,"column":8},"end":{"line":11,"column":41}},"4":{"start":{"line":12,"column":8},"end":{"line":12,"column":16}}},"branchMap":{}},"contracts/interfaces/agent/AgentInterface.sol":{"l":{},"path":"/Users/alexandermazaletskiy/Documents/Akropolis/AkropolisOS/contracts/interfaces/agent/AgentInterface.sol","s":{},"b":{},"f":{},"fnMap":{},"statementMap":{},"branchMap":{}},"contracts/interfaces/core/CoreInterface.sol":{"l":{},"path":"/Users/alexandermazaletskiy/Documents/Akropolis/AkropolisOS/contracts/interfaces/core/CoreInterface.sol","s":{},"b":{},"f":{},"fnMap":{},"statementMap":{},"branchMap":{}},"contracts/modules/accounts/AccountsModule.sol":{"l":{"8":0},"path":"/Users/alexandermazaletskiy/Documents/Akropolis/AkropolisOS/contracts/modules/accounts/AccountsModule.sol","s":{"1":0},"b":{},"f":{"1":0},"fnMap":{"1":{"name":"initialize","line":7,"loc":{"start":{"line":7,"column":4},"end":{"line":7,"column":42}}}},"statementMap":{"1":{"start":{"line":8,"column":8},"end":{"line":8,"column":24}}},"branchMap":{}},"contracts/modules/defi/CompoundModule.sol":{"l":{"8":1},"path":"/Users/alexandermazaletskiy/Documents/Akropolis/AkropolisOS/contracts/modules/defi/CompoundModule.sol","s":{"1":1},"b":{},"f":{"1":1},"fnMap":{"1":{"name":"initialize","line":7,"loc":{"start":{"line":7,"column":4},"end":{"line":7,"column":42}}}},"statementMap":{"1":{"start":{"line":8,"column":8},"end":{"line":8,"column":24}}},"branchMap":{}},"contracts/modules/funds/FundsModule.sol":{"l":{"8":2},"path":"/Users/alexandermazaletskiy/Documents/Akropolis/AkropolisOS/contracts/modules/funds/FundsModule.sol","s":{"1":2},"b":{},"f":{"1":2},"fnMap":{"1":{"name":"initialize","line":7,"loc":{"start":{"line":7,"column":4},"end":{"line":7,"column":42}}}},"statementMap":{"1":{"start":{"line":8,"column":8},"end":{"line":8,"column":24}}},"branchMap":{}},"contracts/modules/token/TokenModule.sol":{"l":{"8":0},"path":"/Users/alexandermazaletskiy/Documents/Akropolis/AkropolisOS/contracts/modules/token/TokenModule.sol","s":{"1":0},"b":{},"f":{"1":0},"fnMap":{"1":{"name":"initialize","line":7,"loc":{"start":{"line":7,"column":4},"end":{"line":7,"column":42}}}},"statementMap":{"1":{"start":{"line":8,"column":8},"end":{"line":8,"column":24}}},"branchMap":{}},"contracts/modules/votes/VotesModule.sol":{"l":{"8":0},"path":"/Users/alexandermazaletskiy/Documents/Akropolis/AkropolisOS/contracts/modules/votes/VotesModule.sol","s":{"1":0},"b":{},"f":{"1":0},"fnMap":{"1":{"name":"initialize","line":7,"loc":{"start":{"line":7,"column":4},"end":{"line":7,"column":42}}}},"statementMap":{"1":{"start":{"line":8,"column":8},"end":{"line":8,"column":24}}},"branchMap":{}},"contracts/templates/PoolFactory.sol":{"l":{"9":4,"10":4,"11":4,"13":4},"path":"/Users/alexandermazaletskiy/Documents/Akropolis/AkropolisOS/contracts/templates/PoolFactory.sol","s":{"1":4,"2":4,"3":4,"4":4},"b":{},"f":{"1":4},"fnMap":{"1":{"name":"create","line":7,"loc":{"start":{"line":7,"column":4},"end":{"line":7,"column":92}}}},"statementMap":{"1":{"start":{"line":9,"column":8},"end":{"line":9,"column":59}},"2":{"start":{"line":10,"column":8},"end":{"line":10,"column":53}},"3":{"start":{"line":11,"column":8},"end":{"line":11,"column":47}},"4":{"start":{"line":13,"column":8},"end":{"line":13,"column":28}}},"branchMap":{}},"contracts/utils/AddressList.sol":{"l":{"25":3,"37":3,"40":3,"41":2,"43":1,"45":1,"46":1,"47":0,"49":1,"52":1,"53":1,"54":1,"56":3,"57":3,"67":0,"77":0,"80":0,"81":0,"83":0,"85":0,"86":0,"87":0,"89":0,"92":0,"93":0,"94":0,"96":0,"97":0,"106":0,"108":0,"109":0,"111":0,"112":0,"114":0,"117":0,"118":0,"120":0,"123":0,"124":0,"135":0,"137":0,"138":0,"140":0,"141":0,"143":0,"146":0,"147":0,"149":0,"152":0,"153":0,"154":0,"164":0,"166":0,"168":0,"169":0,"171":0,"172":0,"174":0,"180":0,"185":0,"196":2,"207":0,"218":0},"path":"/Users/alexandermazaletskiy/Documents/Akropolis/AkropolisOS/contracts/utils/AddressList.sol","s":{"1":3,"2":3,"3":3,"4":2,"5":1,"6":1,"7":1,"8":0,"9":1,"10":1,"11":1,"12":1,"13":3,"14":0,"15":0,"16":0,"17":0,"18":0,"19":0,"20":0,"21":0,"22":0,"23":0,"24":0,"25":0,"26":0,"27":0,"28":0,"29":0,"30":0,"31":0,"32":0,"33":0,"34":0,"35":0,"36":0,"37":0,"38":0,"39":0,"40":0,"41":0,"42":0,"43":0,"44":0,"45":0,"46":0,"47":0,"48":0,"49":0,"50":0,"51":0,"52":0,"53":0,"54":0,"55":0,"56":0,"57":0,"58":2,"59":0,"60":0},"b":{"1":[3,0],"2":[2,1],"3":[1,0],"4":[0,1],"5":[0,0],"6":[0,0],"7":[0,0],"8":[0,0],"9":[0,0],"10":[0,0],"11":[0,0],"12":[0,0],"13":[0,0],"14":[0,0],"15":[0,0],"16":[0,0]},"f":{"1":3,"2":3,"3":0,"4":0,"5":0,"6":0,"7":0,"8":0,"9":0,"10":2,"11":0,"12":0},"fnMap":{"1":{"name":"append","line":23,"loc":{"start":{"line":23,"column":4},"end":{"line":24,"column":5}}},"2":{"name":"append","line":35,"loc":{"start":{"line":35,"column":4},"end":{"line":35,"column":74}}},"3":{"name":"prepend","line":65,"loc":{"start":{"line":65,"column":4},"end":{"line":66,"column":5}}},"4":{"name":"prepend","line":76,"loc":{"start":{"line":76,"column":4},"end":{"line":76,"column":75}}},"5":{"name":"remove","line":105,"loc":{"start":{"line":105,"column":4},"end":{"line":105,"column":61}}},"6":{"name":"replace","line":133,"loc":{"start":{"line":133,"column":4},"end":{"line":133,"column":75}}},"7":{"name":"swap","line":163,"loc":{"start":{"line":163,"column":4},"end":{"line":163,"column":68}}},"8":{"name":"first","line":178,"loc":{"start":{"line":178,"column":4},"end":{"line":179,"column":5}}},"9":{"name":"last","line":183,"loc":{"start":{"line":183,"column":4},"end":{"line":184,"column":5}}},"10":{"name":"contains","line":194,"loc":{"start":{"line":194,"column":4},"end":{"line":195,"column":5}}},"11":{"name":"next","line":205,"loc":{"start":{"line":205,"column":4},"end":{"line":206,"column":5}}},"12":{"name":"prev","line":216,"loc":{"start":{"line":216,"column":4},"end":{"line":217,"column":5}}}},"statementMap":{"1":{"start":{"line":25,"column":8},"end":{"line":25,"column":39}},"2":{"start":{"line":37,"column":8},"end":{"line":37,"column":75}},"3":{"start":{"line":40,"column":8},"end":{"line":40,"column":1104}},"4":{"start":{"line":41,"column":12},"end":{"line":41,"column":42}},"5":{"start":{"line":43,"column":12},"end":{"line":43,"column":45}},"6":{"start":{"line":45,"column":12},"end":{"line":45,"column":47}},"7":{"start":{"line":46,"column":12},"end":{"line":46,"column":1314}},"8":{"start":{"line":47,"column":16},"end":{"line":47,"column":43}},"9":{"start":{"line":49,"column":16},"end":{"line":49,"column":33}},"10":{"start":{"line":52,"column":12},"end":{"line":52,"column":36}},"11":{"start":{"line":53,"column":12},"end":{"line":53,"column":36}},"12":{"start":{"line":54,"column":12},"end":{"line":54,"column":39}},"13":{"start":{"line":56,"column":8},"end":{"line":56,"column":36}},"14":{"start":{"line":67,"column":8},"end":{"line":67,"column":40}},"15":{"start":{"line":77,"column":8},"end":{"line":77,"column":75}},"16":{"start":{"line":80,"column":8},"end":{"line":80,"column":2303}},"17":{"start":{"line":81,"column":12},"end":{"line":81,"column":42}},"18":{"start":{"line":83,"column":12},"end":{"line":83,"column":76}},"19":{"start":{"line":85,"column":12},"end":{"line":85,"column":47}},"20":{"start":{"line":86,"column":12},"end":{"line":86,"column":2544}},"21":{"start":{"line":87,"column":16},"end":{"line":87,"column":43}},"22":{"start":{"line":89,"column":16},"end":{"line":89,"column":33}},"23":{"start":{"line":92,"column":12},"end":{"line":92,"column":39}},"24":{"start":{"line":93,"column":12},"end":{"line":93,"column":36}},"25":{"start":{"line":94,"column":12},"end":{"line":94,"column":36}},"26":{"start":{"line":96,"column":8},"end":{"line":96,"column":36}},"27":{"start":{"line":106,"column":8},"end":{"line":106,"column":43}},"28":{"start":{"line":108,"column":8},"end":{"line":108,"column":47}},"29":{"start":{"line":109,"column":8},"end":{"line":109,"column":47}},"30":{"start":{"line":111,"column":8},"end":{"line":111,"column":3247}},"31":{"start":{"line":112,"column":12},"end":{"line":112,"column":44}},"32":{"start":{"line":114,"column":12},"end":{"line":114,"column":32}},"33":{"start":{"line":117,"column":8},"end":{"line":117,"column":3397}},"34":{"start":{"line":118,"column":12},"end":{"line":118,"column":44}},"35":{"start":{"line":120,"column":12},"end":{"line":120,"column":32}},"36":{"start":{"line":123,"column":8},"end":{"line":123,"column":37}},"37":{"start":{"line":135,"column":8},"end":{"line":135,"column":43}},"38":{"start":{"line":137,"column":8},"end":{"line":137,"column":47}},"39":{"start":{"line":138,"column":8},"end":{"line":138,"column":47}},"40":{"start":{"line":140,"column":8},"end":{"line":140,"column":4007}},"41":{"start":{"line":141,"column":12},"end":{"line":141,"column":39}},"42":{"start":{"line":143,"column":12},"end":{"line":143,"column":27}},"43":{"start":{"line":146,"column":8},"end":{"line":146,"column":4147}},"44":{"start":{"line":147,"column":12},"end":{"line":147,"column":39}},"45":{"start":{"line":149,"column":12},"end":{"line":149,"column":27}},"46":{"start":{"line":152,"column":8},"end":{"line":152,"column":35}},"47":{"start":{"line":153,"column":8},"end":{"line":153,"column":35}},"48":{"start":{"line":154,"column":8},"end":{"line":154,"column":37}},"49":{"start":{"line":164,"column":8},"end":{"line":164,"column":65}},"50":{"start":{"line":166,"column":8},"end":{"line":166,"column":40}},"51":{"start":{"line":168,"column":8},"end":{"line":168,"column":24}},"52":{"start":{"line":169,"column":8},"end":{"line":169,"column":29}},"53":{"start":{"line":171,"column":8},"end":{"line":171,"column":4822}},"54":{"start":{"line":172,"column":12},"end":{"line":172,"column":29}},"55":{"start":{"line":174,"column":12},"end":{"line":174,"column":35}},"56":{"start":{"line":180,"column":8},"end":{"line":180,"column":25}},"57":{"start":{"line":185,"column":8},"end":{"line":185,"column":25}},"58":{"start":{"line":196,"column":8},"end":{"line":196,"column":37}},"59":{"start":{"line":207,"column":8},"end":{"line":207,"column":34}},"60":{"start":{"line":218,"column":8},"end":{"line":218,"column":34}}},"branchMap":{"1":{"line":37,"type":"if","locations":[{"start":{"line":37,"column":8},"end":{"line":37,"column":8}},{"start":{"line":37,"column":8},"end":{"line":37,"column":8}}]},"2":{"line":40,"type":"if","locations":[{"start":{"line":40,"column":8},"end":{"line":40,"column":8}},{"start":{"line":40,"column":8},"end":{"line":40,"column":8}}]},"3":{"line":43,"type":"if","locations":[{"start":{"line":43,"column":12},"end":{"line":43,"column":12}},{"start":{"line":43,"column":12},"end":{"line":43,"column":12}}]},"4":{"line":46,"type":"if","locations":[{"start":{"line":46,"column":12},"end":{"line":46,"column":12}},{"start":{"line":46,"column":12},"end":{"line":46,"column":12}}]},"5":{"line":77,"type":"if","locations":[{"start":{"line":77,"column":8},"end":{"line":77,"column":8}},{"start":{"line":77,"column":8},"end":{"line":77,"column":8}}]},"6":{"line":80,"type":"if","locations":[{"start":{"line":80,"column":8},"end":{"line":80,"column":8}},{"start":{"line":80,"column":8},"end":{"line":80,"column":8}}]},"7":{"line":83,"type":"if","locations":[{"start":{"line":83,"column":12},"end":{"line":83,"column":12}},{"start":{"line":83,"column":12},"end":{"line":83,"column":12}}]},"8":{"line":86,"type":"if","locations":[{"start":{"line":86,"column":12},"end":{"line":86,"column":12}},{"start":{"line":86,"column":12},"end":{"line":86,"column":12}}]},"9":{"line":106,"type":"if","locations":[{"start":{"line":106,"column":8},"end":{"line":106,"column":8}},{"start":{"line":106,"column":8},"end":{"line":106,"column":8}}]},"10":{"line":111,"type":"if","locations":[{"start":{"line":111,"column":8},"end":{"line":111,"column":8}},{"start":{"line":111,"column":8},"end":{"line":111,"column":8}}]},"11":{"line":117,"type":"if","locations":[{"start":{"line":117,"column":8},"end":{"line":117,"column":8}},{"start":{"line":117,"column":8},"end":{"line":117,"column":8}}]},"12":{"line":135,"type":"if","locations":[{"start":{"line":135,"column":8},"end":{"line":135,"column":8}},{"start":{"line":135,"column":8},"end":{"line":135,"column":8}}]},"13":{"line":140,"type":"if","locations":[{"start":{"line":140,"column":8},"end":{"line":140,"column":8}},{"start":{"line":140,"column":8},"end":{"line":140,"column":8}}]},"14":{"line":146,"type":"if","locations":[{"start":{"line":146,"column":8},"end":{"line":146,"column":8}},{"start":{"line":146,"column":8},"end":{"line":146,"column":8}}]},"15":{"line":164,"type":"if","locations":[{"start":{"line":164,"column":8},"end":{"line":164,"column":8}},{"start":{"line":164,"column":8},"end":{"line":164,"column":8}}]},"16":{"line":171,"type":"if","locations":[{"start":{"line":171,"column":8},"end":{"line":171,"column":8}},{"start":{"line":171,"column":8},"end":{"line":171,"column":8}}]}}},"contracts/utils/AddressMap.sol":{"l":{"29":3,"30":3,"31":0,"33":3,"34":3,"35":3,"44":0,"45":0,"46":0,"47":0,"55":0,"64":6,"73":0},"path":"/Users/alexandermazaletskiy/Documents/Akropolis/AkropolisOS/contracts/utils/AddressMap.sol","s":{"1":3,"2":3,"3":0,"4":3,"5":3,"6":3,"7":0,"8":0,"9":0,"10":0,"11":0,"12":6,"13":0},"b":{"1":[0,3]},"f":{"1":3,"2":0,"3":0,"4":6,"5":0},"fnMap":{"1":{"name":"set","line":28,"loc":{"start":{"line":28,"column":4},"end":{"line":28,"column":79}}},"2":{"name":"remove","line":43,"loc":{"start":{"line":43,"column":4},"end":{"line":43,"column":66}}},"3":{"name":"size","line":54,"loc":{"start":{"line":54,"column":4},"end":{"line":55,"column":5}}},"4":{"name":"get","line":63,"loc":{"start":{"line":63,"column":4},"end":{"line":64,"column":5}}},"5":{"name":"getKey","line":71,"loc":{"start":{"line":71,"column":4},"end":{"line":72,"column":5}}}},"statementMap":{"1":{"start":{"line":29,"column":8},"end":{"line":29,"column":43}},"2":{"start":{"line":30,"column":8},"end":{"line":30,"column":871}},"3":{"start":{"line":31,"column":12},"end":{"line":31,"column":48}},"4":{"start":{"line":33,"column":12},"end":{"line":33,"column":37}},"5":{"start":{"line":34,"column":8},"end":{"line":34,"column":64}},"6":{"start":{"line":35,"column":8},"end":{"line":35,"column":33}},"7":{"start":{"line":44,"column":8},"end":{"line":44,"column":41}},"8":{"start":{"line":45,"column":8},"end":{"line":45,"column":32}},"9":{"start":{"line":46,"column":8},"end":{"line":46,"column":70}},"10":{"start":{"line":47,"column":8},"end":{"line":47,"column":30}},"11":{"start":{"line":55,"column":6},"end":{"line":55,"column":31}},"12":{"start":{"line":64,"column":6},"end":{"line":64,"column":61}},"13":{"start":{"line":73,"column":8},"end":{"line":73,"column":33}}},"branchMap":{"1":{"line":30,"type":"if","locations":[{"start":{"line":30,"column":8},"end":{"line":30,"column":8}},{"start":{"line":30,"column":8},"end":{"line":30,"column":8}}]}}}}