{"contracts/Counter.sol":{"l":{"11":3,"12":3,"17":1,"23":0,"24":0,"25":0,"29":1,"34":2},"path":"/Users/alexandermazaletskiy/Documents/Compound/shitcoin-project/contracts/Counter.sol","s":{"1":3,"2":3,"3":1,"4":0,"5":0,"6":0,"7":1,"8":2},"b":{"1":[0,0]},"f":{"1":3,"2":1,"3":0,"4":1,"5":2},"fnMap":{"1":{"name":"initialize","line":10,"loc":{"start":{"line":10,"column":4},"end":{"line":10,"column":50}}},"2":{"name":"increaseCounter","line":16,"loc":{"start":{"line":16,"column":4},"end":{"line":16,"column":49}}},"3":{"name":"decreaseCounter","line":22,"loc":{"start":{"line":22,"column":4},"end":{"line":22,"column":64}}},"4":{"name":"owner","line":28,"loc":{"start":{"line":28,"column":4},"end":{"line":28,"column":48}}},"5":{"name":"getCounter","line":33,"loc":{"start":{"line":33,"column":4},"end":{"line":33,"column":50}}}},"statementMap":{"1":{"start":{"line":11,"column":8},"end":{"line":11,"column":26}},"2":{"start":{"line":12,"column":8},"end":{"line":12,"column":18}},"3":{"start":{"line":17,"column":8},"end":{"line":17,"column":29}},"4":{"start":{"line":23,"column":8},"end":{"line":23,"column":56}},"5":{"start":{"line":24,"column":8},"end":{"line":24,"column":29}},"6":{"start":{"line":25,"column":8},"end":{"line":25,"column":19}},"7":{"start":{"line":29,"column":8},"end":{"line":29,"column":21}},"8":{"start":{"line":34,"column":8},"end":{"line":34,"column":20}}},"branchMap":{"1":{"line":23,"type":"if","locations":[{"start":{"line":23,"column":8},"end":{"line":23,"column":8}},{"start":{"line":23,"column":8},"end":{"line":23,"column":8}}]}}}}